<?xml version="1.0" encoding="UTF-8"?>
<!-- Generated by org.testng.reporters.JUnitReportReporter -->
<testsuite skipped="0" hostname="LAPTOP-7RVG6G3O" name="com.sdetfasttrack.tests.JavaFakerTest" tests="1" failures="0" timestamp="2022-10-11T21:13:02 EDT" time="0.067" errors="0">
  <testcase name="testJavaFaker" time="0.067" classname="com.sdetfasttrack.tests.JavaFakerTest"/>
  <system-out/>
</testsuite> <!-- com.sdetfasttrack.tests.JavaFakerTest -->
